<?xml version="1.0" encoding="UTF-8"?>
<!-- Generated by org.testng.reporters.JUnitReportReporter -->
<testsuite hostname="SWATI" failures="0" tests="5" name="TestNGPackage1.ToUnderstandPriorityAttribute" time="0.069" errors="0" timestamp="2025-03-03T12:19:52 IST" skipped="0">
  <testcase classname="TestNGPackage1.ToUnderstandPriorityAttribute" name="register" time="0.036"/>
  <system-out>
    <![CDATA[this is register method]]>
  </system-out>
  <testcase classname="TestNGPackage1.ToUnderstandPriorityAttribute" name="Login" time="0.003"/>
  <system-out>
    <![CDATA[this is login method]]>
  </system-out>
  <testcase classname="TestNGPackage1.ToUnderstandPriorityAttribute" name="checkAccountBalance" time="0.011"/>
  <system-out>
    <![CDATA[this is check Accoun tBalance method]]>
  </system-out>
  <testcase classname="TestNGPackage1.ToUnderstandPriorityAttribute" name="moneyTransfer" time="0.008"/>
  <system-out>
    <![CDATA[this is money transfer method]]>
  </system-out>
  <testcase classname="TestNGPackage1.ToUnderstandPriorityAttribute" name="Logout" time="0.011"/>
  <system-out>
    <![CDATA[this is logout method]]>
  </system-out>
</testsuite> <!-- TestNGPackage1.ToUnderstandPriorityAttribute -->
