<?xml version="1.0" encoding="UTF-8"?>
<!-- Generated by org.testng.reporters.JUnitReportReporter -->
<testsuite hostname="SWATI" failures="0" tests="1" name="TestExecution2.Parameterization" time="40.882" errors="0" timestamp="2025-03-06T11:45:29 IST" skipped="0">
  <testcase classname="TestExecution2.Parameterization" name="parameterMethod" time="40.882"/>
  <system-out/>
</testsuite> <!-- TestExecution2.Parameterization -->
