<?xml version="1.0" encoding="UTF-8"?>
<!-- Generated by org.testng.reporters.JUnitReportReporter -->
<testsuite hostname="SWATI" failures="0" tests="5" name="TestNGPackage1.ToUnderstandThreadPoolSize" time="148.323" errors="0" timestamp="2025-03-04T11:22:14 IST" skipped="0">
  <testcase classname="TestNGPackage1.ToUnderstandThreadPoolSize" name="launchSelenium" time="26.167"/>
  <system-out/>
  <testcase classname="TestNGPackage1.ToUnderstandThreadPoolSize" name="launchSelenium" time="32.684"/>
  <system-out/>
  <testcase classname="TestNGPackage1.ToUnderstandThreadPoolSize" name="launchSelenium" time="31.634"/>
  <system-out/>
  <testcase classname="TestNGPackage1.ToUnderstandThreadPoolSize" name="launchSelenium" time="31.860"/>
  <system-out/>
  <testcase classname="TestNGPackage1.ToUnderstandThreadPoolSize" name="launchSelenium" time="25.978"/>
  <system-out/>
</testsuite> <!-- TestNGPackage1.ToUnderstandThreadPoolSize -->
