<?xml version="1.0" encoding="UTF-8"?>
<!-- Generated by org.testng.reporters.JUnitReportReporter -->
<testsuite hostname="SWATI" failures="0" tests="2" name="TestNGExecution.launchInstagram" time="22.140" errors="0" timestamp="2025-03-05T12:00:18 IST" skipped="0">
  <testcase classname="TestNGExecution.launchInstagram" name="launchInstagramTC" time="11.564"/>
  <system-out/>
  <testcase classname="TestNGExecution.launchInstagram" name="launchInstagramTC" time="10.576"/>
  <system-out/>
</testsuite> <!-- TestNGExecution.launchInstagram -->
