<?xml version="1.0" encoding="UTF-8"?>
<!-- Generated by org.testng.reporters.JUnitReportReporter -->
<testsuite hostname="SWATI" failures="0" tests="2" name="TestNGPackage1.Demo" time="0.033" errors="0" timestamp="2025-03-03T12:09:48 IST" skipped="0">
  <testcase classname="TestNGPackage1.Demo" name="method1" time="0.030"/>
  <system-out>
    <![CDATA[this is method1]]>
  </system-out>
  <testcase classname="TestNGPackage1.Demo" name="method2" time="0.003"/>
  <system-out>
    <![CDATA[this is method2]]>
  </system-out>
</testsuite> <!-- TestNGPackage1.Demo -->
