<?xml version="1.0" encoding="UTF-8"?>
<!-- Generated by org.testng.reporters.JUnitReportReporter -->
<testsuite hostname="SWATI" failures="0" tests="2" name="TestNGExecution.launchFacebook" time="30.284" errors="0" timestamp="2025-03-05T12:00:18 IST" skipped="0">
  <testcase classname="TestNGExecution.launchFacebook" name="launchFacebookTC" time="15.367"/>
  <system-out/>
  <testcase classname="TestNGExecution.launchFacebook" name="launchFacebookTC" time="14.917"/>
  <system-out/>
</testsuite> <!-- TestNGExecution.launchFacebook -->
