<?xml version="1.0" encoding="UTF-8"?>
<!-- Generated by org.testng.reporters.JUnitReportReporter -->
<testsuite hostname="SWATI" failures="0" tests="1" name="TestNGAssertion.ToUnderstandAssertion1" time="34.701" errors="0" timestamp="2025-03-11T12:21:44 IST" skipped="0">
  <testcase classname="TestNGAssertion.ToUnderstandAssertion1" name="validLoginTC" time="34.701"/>
  <system-out/>
</testsuite> <!-- TestNGAssertion.ToUnderstandAssertion1 -->
