<?xml version="1.0" encoding="UTF-8"?>
<!-- Generated by org.testng.reporters.JUnitReportReporter -->
<testsuite hostname="SWATI" failures="0" tests="3" name="testNGDataProvider.LoginWithDataProvider" time="91.477" errors="0" timestamp="2025-03-10T17:02:34 IST" skipped="0">
  <testcase classname="testNGDataProvider.LoginWithDataProvider" name="invalidLoginTC" time="26.364"/>
  <system-out/>
  <testcase classname="testNGDataProvider.LoginWithDataProvider" name="invalidLoginTC" time="35.871"/>
  <system-out/>
  <testcase classname="testNGDataProvider.LoginWithDataProvider" name="invalidLoginTC" time="29.242"/>
  <system-out/>
</testsuite> <!-- testNGDataProvider.LoginWithDataProvider -->
