<?xml version="1.0" encoding="UTF-8"?>
<!-- Generated by org.testng.reporters.JUnitReportReporter -->
<testsuite hostname="SWATI" failures="0" tests="2" name="TestNGPackage1.ToUnderstandEnabled" time="26.001" errors="0" timestamp="2025-03-04T11:38:16 IST" skipped="1">
  <testcase classname="TestNGPackage1.ToUnderstandEnabled" name="launchSelenium" time="26.001"/>
  <system-out/>
  <testcase classname="TestNGPackage1.ToUnderstandEnabled" name="launchJavaTPoint">
    <skipped/>
  </testcase> <!-- launchJavaTPoint -->
  <system-out/>
</testsuite> <!-- TestNGPackage1.ToUnderstandEnabled -->
