<?xml version="1.0" encoding="UTF-8"?>
<!-- Generated by org.testng.reporters.JUnitReportReporter -->
<testsuite hostname="SWATI" failures="0" tests="1" name="TestNGAssertion.ToUnderstandSoftAssert" time="29.655" errors="0" timestamp="2025-03-11T12:33:10 IST" skipped="0">
  <testcase classname="TestNGAssertion.ToUnderstandSoftAssert" name="validLoginTC" time="29.655"/>
  <system-out/>
</testsuite> <!-- TestNGAssertion.ToUnderstandSoftAssert -->
