<?xml version="1.0" encoding="UTF-8"?>
<!-- Generated by org.testng.reporters.JUnitReportReporter -->
<testsuite hostname="SWATI" failures="0" tests="2" name="annotations.ToUnderstandAnnotations" time="0.067" errors="0" timestamp="2025-03-07T11:37:13 IST" skipped="0">
  <testcase classname="annotations.ToUnderstandAnnotations" name="testCase2" time="0.031"/>
  <system-out>
    <![CDATA[This is TestCase2 Method]]>
  </system-out>
  <testcase classname="annotations.ToUnderstandAnnotations" name="testCase1" time="0.036"/>
  <system-out>
    <![CDATA[This is TestCase1 Method]]>
  </system-out>
</testsuite> <!-- annotations.ToUnderstandAnnotations -->
