<?xml version="1.0" encoding="UTF-8"?>
<!-- Generated by org.testng.reporters.JUnitReportReporter -->
<testsuite hostname="SWATI" failures="0" tests="1" name="TestNGExecution.launchTwitter" time="152.596" errors="0" timestamp="2025-03-05T12:00:18 IST" skipped="0">
  <testcase classname="TestNGExecution.launchTwitter" name="launchTwitterTC" time="152.596"/>
  <system-out/>
</testsuite> <!-- TestNGExecution.launchTwitter -->
