<?xml version="1.0" encoding="UTF-8"?>
<!-- Generated by org.testng.reporters.JUnitReportReporter -->
<testsuite hostname="SWATI" failures="0" tests="3" name="TestNGPackage1.ToUnderstandInvocationCount" time="78.215" errors="0" timestamp="2025-03-04T11:04:16 IST" skipped="0">
  <testcase classname="TestNGPackage1.ToUnderstandInvocationCount" name="launchSelenium" time="23.585"/>
  <system-out/>
  <testcase classname="TestNGPackage1.ToUnderstandInvocationCount" name="launchSelenium" time="31.269"/>
  <system-out/>
  <testcase classname="TestNGPackage1.ToUnderstandInvocationCount" name="launchSelenium" time="23.361"/>
  <system-out/>
</testsuite> <!-- TestNGPackage1.ToUnderstandInvocationCount -->
